# JRE version: OpenJDK Runtime Environment (15.0.2+7) (build 15.0.2+7-27)
# Java VM: OpenJDK 64-Bit Server VM (15.0.2+7-27, mixed mode, tiered, compressed oops, g1 gc, windows-amd64)
GC Precious Log:
 CPUs: 8 total, 8 available
 Memory: 16207M
 Large Page Support: Disabled
 NUMA Support: Disabled
 Compressed Oops: Enabled (Zero based)
 Heap Region Size: 2M
 Heap Min Capacity: 8M
 Heap Initial Capacity: 254M
 Heap Max Capacity: 4052M
 Pre-touch: Disabled
 Parallel Workers: 8
 Concurrent Workers: 2
 Concurrent Refinement Workers: 8
 Periodic GC: Disabled
Heap:
 garbage-first heap   total 131072K, used 64542K [0x0000000702c00000, 0x0000000800000000)
  region size 2048K, 20 young (40960K), 4 survivors (8192K)
 Metaspace       used 61501K, capacity 62242K, committed 62316K, reserved 1103872K
  class space    used 7726K, capacity 7987K, committed 8056K, reserved 1048576K
GC Heap History (20 events):
Event: 1.796 GC heap before
{Heap before GC invocations=7 (full 0):
 garbage-first heap   total 153600K, used 95918K [0x0000000702c00000, 0x0000000800000000)
  region size 2048K, 45 young (92160K), 2 survivors (4096K)
 Metaspace       used 30982K, capacity 31313K, committed 31360K, reserved 1077248K
  class space    used 3574K, capacity 3666K, committed 3712K, reserved 1048576K
}
Event: 1.800 GC heap after
{Heap after GC invocations=8 (full 0):
 garbage-first heap   total 153600K, used 11295K [0x0000000702c00000, 0x0000000800000000)
  region size 2048K, 3 young (6144K), 3 survivors (6144K)
 Metaspace       used 30982K, capacity 31313K, committed 31360K, reserved 1077248K
  class space    used 3574K, capacity 3666K, committed 3712K, reserved 1048576K
}
Event: 2.741 GC heap before
{Heap before GC invocations=8 (full 0):
 garbage-first heap   total 153600K, used 97311K [0x0000000702c00000, 0x0000000800000000)
  region size 2048K, 45 young (92160K), 3 survivors (6144K)
 Metaspace       used 34439K, capacity 34932K, committed 35072K, reserved 1079296K
  class space    used 4077K, capacity 4225K, committed 4352K, reserved 1048576K
}
Event: 2.747 GC heap after
{Heap after GC invocations=9 (full 0):
 garbage-first heap   total 153600K, used 14299K [0x0000000702c00000, 0x0000000800000000)
  region size 2048K, 4 young (8192K), 4 survivors (8192K)
 Metaspace       used 34439K, capacity 34932K, committed 35072K, reserved 1079296K
  class space    used 4077K, capacity 4225K, committed 4352K, reserved 1048576K
}
Event: 2.874 GC heap before
{Heap before GC invocations=9 (full 0):
 garbage-first heap   total 153600K, used 26587K [0x0000000702c00000, 0x0000000800000000)
  region size 2048K, 11 young (22528K), 4 survivors (8192K)
 Metaspace       used 35120K, capacity 35552K, committed 35584K, reserved 1081344K
  class space    used 4197K, capacity 4323K, committed 4352K, reserved 1048576K
}
Event: 2.881 GC heap after
{Heap after GC invocations=10 (full 0):
 garbage-first heap   total 153600K, used 14989K [0x0000000702c00000, 0x0000000800000000)
  region size 2048K, 4 young (8192K), 4 survivors (8192K)
 Metaspace       used 35120K, capacity 35552K, committed 35584K, reserved 1081344K
  class space    used 4197K, capacity 4323K, committed 4352K, reserved 1048576K
}
Event: 3.150 GC heap before
{Heap before GC invocations=11 (full 0):
 garbage-first heap   total 61440K, used 43661K [0x0000000702c00000, 0x0000000800000000)
  region size 2048K, 18 young (36864K), 4 survivors (8192K)
 Metaspace       used 36509K, capacity 36987K, committed 37112K, reserved 1081344K
  class space    used 4375K, capacity 4522K, committed 4600K, reserved 1048576K
}
Event: 3.155 GC heap after
{Heap after GC invocations=12 (full 0):
 garbage-first heap   total 161792K, used 16418K [0x0000000702c00000, 0x0000000800000000)
  region size 2048K, 2 young (4096K), 2 survivors (4096K)
 Metaspace       used 36509K, capacity 36987K, committed 37112K, reserved 1081344K
  class space    used 4375K, capacity 4522K, committed 4600K, reserved 1048576K
}
Event: 3.711 GC heap before
{Heap before GC invocations=12 (full 0):
 garbage-first heap   total 161792K, used 106530K [0x0000000702c00000, 0x0000000800000000)
  region size 2048K, 47 young (96256K), 2 survivors (4096K)
 Metaspace       used 40564K, capacity 41130K, committed 41336K, reserved 1085440K
  class space    used 4919K, capacity 5123K, committed 5240K, reserved 1048576K
}
Event: 3.717 GC heap after
{Heap after GC invocations=13 (full 0):
 garbage-first heap   total 161792K, used 22241K [0x0000000702c00000, 0x0000000800000000)
  region size 2048K, 5 young (10240K), 5 survivors (10240K)
 Metaspace       used 40564K, capacity 41130K, committed 41336K, reserved 1085440K
  class space    used 4919K, capacity 5123K, committed 5240K, reserved 1048576K
}
Event: 4.192 GC heap before
{Heap before GC invocations=13 (full 0):
 garbage-first heap   total 161792K, used 106209K [0x0000000702c00000, 0x0000000800000000)
  region size 2048K, 47 young (96256K), 5 survivors (10240K)
 Metaspace       used 42965K, capacity 43610K, committed 43896K, reserved 1087488K
  class space    used 5199K, capacity 5422K, committed 5496K, reserved 1048576K
}
Event: 4.198 GC heap after
{Heap after GC invocations=14 (full 0):
 garbage-first heap   total 161792K, used 25267K [0x0000000702c00000, 0x0000000800000000)
  region size 2048K, 2 young (4096K), 2 survivors (4096K)
 Metaspace       used 42965K, capacity 43610K, committed 43896K, reserved 1087488K
  class space    used 5199K, capacity 5422K, committed 5496K, reserved 1048576K
}
Event: 5.327 GC heap before
{Heap before GC invocations=14 (full 0):
 garbage-first heap   total 161792K, used 117427K [0x0000000702c00000, 0x0000000800000000)
  region size 2048K, 47 young (96256K), 2 survivors (4096K)
 Metaspace       used 51295K, capacity 52004K, committed 52216K, reserved 1095680K
  class space    used 6393K, capacity 6616K, committed 6648K, reserved 1048576K
}
Event: 5.332 GC heap after
{Heap after GC invocations=15 (full 0):
 garbage-first heap   total 161792K, used 27642K [0x0000000702c00000, 0x0000000800000000)
  region size 2048K, 3 young (6144K), 3 survivors (6144K)
 Metaspace       used 51295K, capacity 52004K, committed 52216K, reserved 1095680K
  class space    used 6393K, capacity 6616K, committed 6648K, reserved 1048576K
}
Event: 6.693 GC heap before
{Heap before GC invocations=15 (full 0):
 garbage-first heap   total 161792K, used 117754K [0x0000000702c00000, 0x0000000800000000)
  region size 2048K, 47 young (96256K), 3 survivors (6144K)
 Metaspace       used 57527K, capacity 58195K, committed 58488K, reserved 1099776K
  class space    used 7231K, capacity 7484K, committed 7544K, reserved 1048576K
}
Event: 6.699 GC heap after
{Heap after GC invocations=16 (full 0):
 garbage-first heap   total 194560K, used 30967K [0x0000000702c00000, 0x0000000800000000)
  region size 2048K, 5 young (10240K), 5 survivors (10240K)
 Metaspace       used 57527K, capacity 58195K, committed 58488K, reserved 1099776K
  class space    used 7231K, capacity 7484K, committed 7544K, reserved 1048576K
}
Event: 6.838 GC heap before
{Heap before GC invocations=16 (full 0):
 garbage-first heap   total 194560K, used 47351K [0x0000000702c00000, 0x0000000800000000)
  region size 2048K, 14 young (28672K), 5 survivors (10240K)
 Metaspace       used 58997K, capacity 59711K, committed 59896K, reserved 1101824K
  class space    used 7422K, capacity 7648K, committed 7672K, reserved 1048576K
}
Event: 6.844 GC heap after
{Heap after GC invocations=17 (full 0):
 garbage-first heap   total 194560K, used 32280K [0x0000000702c00000, 0x0000000800000000)
  region size 2048K, 4 young (8192K), 4 survivors (8192K)
 Metaspace       used 58997K, capacity 59711K, committed 59896K, reserved 1101824K
  class space    used 7422K, capacity 7648K, committed 7672K, reserved 1048576K
}
Event: 1032.097 GC heap before
{Heap before GC invocations=18 (full 0):
 garbage-first heap   total 131072K, used 101912K [0x0000000702c00000, 0x0000000800000000)
  region size 2048K, 38 young (77824K), 4 survivors (8192K)
 Metaspace       used 61463K, capacity 62204K, committed 62316K, reserved 1103872K
  class space    used 7718K, capacity 7954K, committed 8056K, reserved 1048576K
}
Event: 1032.105 GC heap after
{Heap after GC invocations=19 (full 0):
 garbage-first heap   total 131072K, used 33822K [0x0000000702c00000, 0x0000000800000000)
  region size 2048K, 4 young (8192K), 4 survivors (8192K)
 Metaspace       used 61463K, capacity 62204K, committed 62316K, reserved 1103872K
  class space    used 7718K, capacity 7954K, committed 8056K, reserved 1048576K
}

