# JRE version: OpenJDK Runtime Environment (15.0.2+7) (build 15.0.2+7-27)
# Java VM: OpenJDK 64-Bit Server VM (15.0.2+7-27, mixed mode, tiered, compressed oops, g1 gc, windows-amd64)
GC Precious Log:
 CPUs: 8 total, 8 available
 Memory: 16207M
 Large Page Support: Disabled
 NUMA Support: Disabled
 Compressed Oops: Enabled (Zero based)
 Heap Region Size: 2M
 Heap Min Capacity: 8M
 Heap Initial Capacity: 254M
 Heap Max Capacity: 4052M
 Pre-touch: Disabled
 Parallel Workers: 8
 Concurrent Workers: 2
 Concurrent Refinement Workers: 8
 Periodic GC: Disabled
Heap:
 garbage-first heap   total 122880K, used 99404K [0x0000000702c00000, 0x0000000800000000)
  region size 2048K, 35 young (71680K), 3 survivors (6144K)
 Metaspace       used 61394K, capacity 62050K, committed 62240K, reserved 1103872K
  class space    used 7708K, capacity 7939K, committed 8056K, reserved 1048576K
GC Heap History (20 events):
Event: 3.568 GC heap after
{Heap after GC invocations=13 (full 0):
 garbage-first heap   total 83968K, used 20176K [0x0000000702c00000, 0x0000000800000000)
  region size 2048K, 3 young (6144K), 3 survivors (6144K)
 Metaspace       used 39326K, capacity 39882K, committed 40184K, reserved 1085440K
  class space    used 4783K, capacity 4963K, committed 5112K, reserved 1048576K
}
Event: 3.667 GC heap before
{Heap before GC invocations=13 (full 0):
 garbage-first heap   total 83968K, used 61136K [0x0000000702c00000, 0x0000000800000000)
  region size 2048K, 24 young (49152K), 3 survivors (6144K)
 Metaspace       used 40583K, capacity 41130K, committed 41336K, reserved 1085440K
  class space    used 4919K, capacity 5123K, committed 5240K, reserved 1048576K
}
Event: 3.671 GC heap after
{Heap after GC invocations=14 (full 0):
 garbage-first heap   total 83968K, used 22845K [0x0000000702c00000, 0x0000000800000000)
  region size 2048K, 2 young (4096K), 2 survivors (4096K)
 Metaspace       used 40583K, capacity 41130K, committed 41336K, reserved 1085440K
  class space    used 4919K, capacity 5123K, committed 5240K, reserved 1048576K
}
Event: 3.755 GC heap before
{Heap before GC invocations=14 (full 0):
 garbage-first heap   total 83968K, used 59709K [0x0000000702c00000, 0x0000000800000000)
  region size 2048K, 21 young (43008K), 2 survivors (4096K)
 Metaspace       used 41286K, capacity 41866K, committed 42232K, reserved 1085440K
  class space    used 4991K, capacity 5219K, committed 5368K, reserved 1048576K
}
Event: 3.758 GC heap after
{Heap after GC invocations=15 (full 0):
 garbage-first heap   total 83968K, used 23152K [0x0000000702c00000, 0x0000000800000000)
  region size 2048K, 2 young (4096K), 2 survivors (4096K)
 Metaspace       used 41286K, capacity 41866K, committed 42232K, reserved 1085440K
  class space    used 4991K, capacity 5219K, committed 5368K, reserved 1048576K
}
Event: 4.032 GC heap before
{Heap before GC invocations=15 (full 0):
 garbage-first heap   total 83968K, used 62064K [0x0000000702c00000, 0x0000000800000000)
  region size 2048K, 22 young (45056K), 2 survivors (4096K)
 Metaspace       used 42522K, capacity 43147K, committed 43384K, reserved 1087488K
  class space    used 5139K, capacity 5371K, committed 5496K, reserved 1048576K
}
Event: 4.035 GC heap after
{Heap after GC invocations=16 (full 0):
 garbage-first heap   total 83968K, used 24327K [0x0000000702c00000, 0x0000000800000000)
  region size 2048K, 3 young (6144K), 3 survivors (6144K)
 Metaspace       used 42522K, capacity 43147K, committed 43384K, reserved 1087488K
  class space    used 5139K, capacity 5371K, committed 5496K, reserved 1048576K
}
Event: 4.391 GC heap before
{Heap before GC invocations=16 (full 0):
 garbage-first heap   total 83968K, used 63239K [0x0000000702c00000, 0x0000000800000000)
  region size 2048K, 22 young (45056K), 3 survivors (6144K)
 Metaspace       used 45788K, capacity 46514K, committed 46840K, reserved 1089536K
  class space    used 5518K, capacity 5765K, committed 5880K, reserved 1048576K
}
Event: 4.395 GC heap after
{Heap after GC invocations=17 (full 0):
 garbage-first heap   total 102400K, used 26780K [0x0000000702c00000, 0x0000000800000000)
  region size 2048K, 3 young (6144K), 3 survivors (6144K)
 Metaspace       used 45788K, capacity 46514K, committed 46840K, reserved 1089536K
  class space    used 5518K, capacity 5765K, committed 5880K, reserved 1048576K
}
Event: 5.100 GC heap before
{Heap before GC invocations=17 (full 0):
 garbage-first heap   total 102400K, used 80028K [0x0000000702c00000, 0x0000000800000000)
  region size 2048K, 29 young (59392K), 3 survivors (6144K)
 Metaspace       used 50620K, capacity 51268K, committed 51448K, reserved 1093632K
  class space    used 6310K, capacity 6536K, committed 6648K, reserved 1048576K
}
Event: 5.104 GC heap after
{Heap after GC invocations=18 (full 0):
 garbage-first heap   total 102400K, used 27801K [0x0000000702c00000, 0x0000000800000000)
  region size 2048K, 3 young (6144K), 3 survivors (6144K)
 Metaspace       used 50620K, capacity 51268K, committed 51448K, reserved 1093632K
  class space    used 6310K, capacity 6536K, committed 6648K, reserved 1048576K
}
Event: 5.456 GC heap before
{Heap before GC invocations=18 (full 0):
 garbage-first heap   total 102400K, used 79001K [0x0000000702c00000, 0x0000000800000000)
  region size 2048K, 29 young (59392K), 3 survivors (6144K)
 Metaspace       used 55077K, capacity 55751K, committed 55800K, reserved 1097728K
  class space    used 6893K, capacity 7113K, committed 7160K, reserved 1048576K
}
Event: 5.461 GC heap after
{Heap after GC invocations=19 (full 0):
 garbage-first heap   total 102400K, used 29426K [0x0000000702c00000, 0x0000000800000000)
  region size 2048K, 3 young (6144K), 3 survivors (6144K)
 Metaspace       used 55077K, capacity 55751K, committed 55800K, reserved 1097728K
  class space    used 6893K, capacity 7113K, committed 7160K, reserved 1048576K
}
Event: 6.308 GC heap before
{Heap before GC invocations=19 (full 0):
 garbage-first heap   total 102400K, used 82674K [0x0000000702c00000, 0x0000000800000000)
  region size 2048K, 29 young (59392K), 3 survivors (6144K)
 Metaspace       used 58175K, capacity 58803K, committed 59128K, reserved 1101824K
  class space    used 7313K, capacity 7532K, committed 7672K, reserved 1048576K
}
Event: 6.313 GC heap after
{Heap after GC invocations=20 (full 0):
 garbage-first heap   total 102400K, used 32093K [0x0000000702c00000, 0x0000000800000000)
  region size 2048K, 3 young (6144K), 3 survivors (6144K)
 Metaspace       used 58175K, capacity 58803K, committed 59128K, reserved 1101824K
  class space    used 7313K, capacity 7532K, committed 7672K, reserved 1048576K
}
Event: 6.377 GC heap before
{Heap before GC invocations=20 (full 0):
 garbage-first heap   total 102400K, used 40285K [0x0000000702c00000, 0x0000000800000000)
  region size 2048K, 8 young (16384K), 3 survivors (6144K)
 Metaspace       used 59070K, capacity 59711K, committed 59936K, reserved 1101824K
  class space    used 7435K, capacity 7664K, committed 7800K, reserved 1048576K
}
Event: 6.382 GC heap after
{Heap after GC invocations=21 (full 0):
 garbage-first heap   total 122880K, used 32352K [0x0000000702c00000, 0x0000000800000000)
  region size 2048K, 3 young (6144K), 3 survivors (6144K)
 Metaspace       used 59070K, capacity 59711K, committed 59936K, reserved 1101824K
  class space    used 7435K, capacity 7664K, committed 7800K, reserved 1048576K
}
Event: 981.037 GC heap before
{Heap before GC invocations=22 (full 0):
 garbage-first heap   total 122880K, used 97888K [0x0000000702c00000, 0x0000000800000000)
  region size 2048K, 35 young (71680K), 3 survivors (6144K)
 Metaspace       used 61327K, capacity 61948K, committed 62112K, reserved 1103872K
  class space    used 7699K, capacity 7906K, committed 7928K, reserved 1048576K
}
Event: 981.055 GC heap after
{Heap after GC invocations=23 (full 0):
 garbage-first heap   total 122880K, used 33868K [0x0000000702c00000, 0x0000000800000000)
  region size 2048K, 3 young (6144K), 3 survivors (6144K)
 Metaspace       used 61327K, capacity 61948K, committed 62112K, reserved 1103872K
  class space    used 7699K, capacity 7906K, committed 7928K, reserved 1048576K
}
Event: 2908.309 GC heap before
{Heap before GC invocations=24 (full 0):
 garbage-first heap   total 122880K, used 99404K [0x0000000702c00000, 0x0000000800000000)
  region size 2048K, 35 young (71680K), 3 survivors (6144K)
 Metaspace       used 61394K, capacity 62050K, committed 62240K, reserved 1103872K
  class space    used 7708K, capacity 7939K, committed 8056K, reserved 1048576K
}

